<?xml version="1.0" encoding="utf-8"?><testsuites name="pytest tests"><testsuite name="pytest" errors="0" failures="2" skipped="0" tests="11" time="5.989" timestamp="2026-09-15T08:17:12.346859+00:00" hostname="agent-env-d3bb7a84-c2ca-4f46-9323-d80322065b90"><testcase classname="tests.test_nutrimitra_regression" name="test_authenticated_core_apis" time="3.077" /><testcase classname="tests.test_iteration7_features.TestRegression" name="test_eat_now" time="0.600" /><testcase classname="tests.test_iteration7_features.TestRegression" name="test_plan" time="0.078" /><testcase classname="tests.test_iteration7_features.TestRegression" name="test_dashboard" time="0.066" /><testcase classname="tests.test_iteration7_features.TestRegression" name="test_reminders_roundtrip" time="0.297" /><testcase classname="tests.test_iteration7_features.TestRegression" name="test_vision_still_works" time="1.467" /><testcase classname="tests.test_iteration7_features.TestHealthSyncPermissionGate" name="test_forbidden_when_disabled_then_ok_when_enabled" time="0.381" /><testcase classname="tests.test_iteration7_features.TestCoachRecipe" name="test_recipe_request_returns_structured_card" time="2.374" /><testcase classname="tests.test_nutrimitra_regression" name="test_ingredients_global_search" time="0.120" /><testcase classname="tests.test_iteration7_features.TestCoachMemory" name="test_history_reflects_messages_when_memory_on" time="1.368"><failure message="AssertionError: reply did not reflect context: i’m here with you. try a balanced plate: half colourful vegetables, a quarter protein, and a quarter whole-grain carbohydrate. tell me what ingredients you have and i’ll make it practical.&#10;assert ('vegetarian' in 'i’m here with you. try a balanced plate: half colourful vegetables, a quarter protein, and a quarter whole-grain carbohydrate. tell me what ingredients you have and i’ll make it practical.' or 'veg ' in 'i’m here with you. try a balanced plate: half colourful vegetables, a quarter protein, and a quarter whole-grain carbohydrate. tell me what ingredients you have and i’ll make it practical.' or 'paneer' in 'i’m here with you. try a balanced plate: half colourful vegetables, a quarter protein, and a quarter whole-grain carbohydrate. tell me what ingredients you have and i’ll make it practical.' or 'dal' in 'i’m here with you. try a balanced plate: half colourful vegetables, a quarter protein, and a quarter whole-grain carbohydrate. tell me what ingredients you have and i’ll make it practical.')">E   AssertionError: reply did not reflect context: i’m here with you. try a balanced plate: half colourful vegetables, a quarter protein, and a quarter whole-grain carbohydrate. tell me what ingredients you have and i’ll make it practical.
    assert ('vegetarian' in 'i’m here with you. try a balanced plate: half colourful vegetables, a quarter protein, and a quarter whole-grain carbohydrate. tell me what ingredients you have and i’ll make it practical.' or 'veg ' in 'i’m here with you. try a balanced plate: half colourful vegetables, a quarter protein, and a quarter whole-grain carbohydrate. tell me what ingredients you have and i’ll make it practical.' or 'paneer' in 'i’m here with you. try a balanced plate: half colourful vegetables, a quarter protein, and a quarter whole-grain carbohydrate. tell me what ingredients you have and i’ll make it practical.' or 'dal' in 'i’m here with you. try a balanced plate: half colourful vegetables, a quarter protein, and a quarter whole-grain carbohydrate. tell me what ingredients you have and i’ll make it practical.')</failure></testcase><testcase classname="tests.test_iteration7_features.TestCoachMemory" name="test_memory_off_returns_empty_and_stores_nothing" time="1.118"><failure message="assert True is False">E   assert True is False</failure></testcase></testsuite></testsuites>