<?xml version="1.0" encoding="utf-8"?><testsuites name="pytest tests"><testsuite name="pytest" errors="0" failures="0" skipped="0" tests="9" time="9.867" timestamp="2026-09-15T07:14:28.532989+00:00" hostname="agent-env-d3bb7a84-c2ca-4f46-9323-d80322065b90"><testcase classname="tests.test_iteration7_features.TestCoachMemory" name="test_history_reflects_messages_when_memory_on" time="5.575" /><testcase classname="tests.test_iteration7_features.TestRegression" name="test_eat_now" time="0.905" /><testcase classname="tests.test_iteration7_features.TestRegression" name="test_plan" time="0.138" /><testcase classname="tests.test_iteration7_features.TestRegression" name="test_dashboard" time="0.136" /><testcase classname="tests.test_iteration7_features.TestRegression" name="test_reminders_roundtrip" time="0.523" /><testcase classname="tests.test_iteration7_features.TestRegression" name="test_vision_still_works" time="3.291" /><testcase classname="tests.test_iteration7_features.TestCoachRecipe" name="test_recipe_request_returns_structured_card" time="4.560" /><testcase classname="tests.test_iteration7_features.TestCoachMemory" name="test_memory_off_returns_empty_and_stores_nothing" time="1.338" /><testcase classname="tests.test_iteration7_features.TestHealthSyncPermissionGate" name="test_forbidden_when_disabled_then_ok_when_enabled" time="0.372" /></testsuite></testsuites>