<?xml version="1.0" encoding="utf-8"?><testsuites name="pytest tests"><testsuite name="pytest" errors="0" failures="0" skipped="0" tests="15" time="8.090" timestamp="2026-09-15T06:32:30.024518+00:00" hostname="agent-env-d3bb7a84-c2ca-4f46-9323-d80322065b90"><testcase classname="tests.test_iteration6_features.TestAuth" name="test_login_returns_token_and_user" time="0.461" /><testcase classname="tests.test_iteration6_features.TestAuth" name="test_login_wrong_password_rejected" time="0.442" /><testcase classname="tests.test_iteration6_features.TestRegression" name="test_plan" time="0.912" /><testcase classname="tests.test_iteration6_features.TestAuth" name="test_google_session_invalid_id_returns_401" time="0.172" /><testcase classname="tests.test_iteration6_features.TestRegression" name="test_dashboard" time="0.088" /><testcase classname="tests.test_iteration6_features.TestRegression" name="test_progress" time="0.065" /><testcase classname="tests.test_iteration6_features.TestRegression" name="test_meals_post_and_reflect_in_dashboard" time="0.167" /><testcase classname="tests.test_iteration6_features.TestAuth" name="test_me_unauthenticated_returns_401" time="0.097" /><testcase classname="tests.test_iteration6_features.TestRegression" name="test_coach_reply" time="2.069" /><testcase classname="tests.test_iteration6_features.TestAuth" name="test_me_with_jwt" time="0.416" /><testcase classname="tests.test_iteration6_features.TestEatNow" name="test_eat_now_shape_and_math" time="0.065" /><testcase classname="tests.test_iteration6_features.TestReminders" name="test_get_defaults_then_put_and_verify" time="0.259" /><testcase classname="tests.test_iteration6_features.TestHealthSync" name="test_upsert_idempotency" time="0.128" /><testcase classname="tests.test_iteration6_features.TestCoachVision" name="test_vision_returns_structured_nutrition" time="4.353" /><testcase classname="tests.test_iteration6_features.TestCoachVision" name="test_vision_rejects_tiny_image" time="0.068" /></testsuite></testsuites>