<?xml version="1.0" encoding="utf-8"?><testsuites name="pytest tests"><testsuite name="pytest" errors="0" failures="0" skipped="0" tests="10" time="12.397" timestamp="2026-09-15T08:16:51.993571+00:00" hostname="agent-env-d3bb7a84-c2ca-4f46-9323-d80322065b90"><testcase classname="tests.test_iteration8_features.TestRegression" name="test_me" time="0.752" /><testcase classname="tests.test_iteration8_features.TestRegression" name="test_coach" time="1.072" /><testcase classname="tests.test_iteration8_features.TestPlanRegenerate" name="test_regenerate_returns_groq_plan" time="11.405" /><testcase classname="tests.test_iteration8_features.TestRegression" name="test_coach_history" time="0.068" /><testcase classname="tests.test_iteration8_features.TestRegression" name="test_eat_now" time="0.058" /><testcase classname="tests.test_iteration8_features.TestRegression" name="test_vision" time="2.979" /><testcase classname="tests.test_iteration8_features.TestPlanAutoRegeneration" name="test_stale_plan_auto_regenerates" time="0.419" /><testcase classname="tests.test_iteration8_features.TestHealthSummary" name="test_disconnected_by_default_then_aggregates" time="0.518" /><testcase classname="tests.test_iteration8_features.TestPlanRegenerate" name="test_get_plan_returns_fresh_plan_unchanged" time="0.204" /><testcase classname="tests.test_iteration8_features.TestAuthSessionBogus" name="test_bogus_session_id_returns_401" time="0.402" /></testsuite></testsuites>